<?xml version="1.0" encoding="UTF-8"?>
<testsuite xmlns:xsi="http://www.w3.org/2001/XMLSchema-instance" xsi:schemaLocation="https://maven.apache.org/surefire/maven-surefire-plugin/xsd/surefire-test-report.xsd" name="com.demo.selenium.automation.bdd_jbehave_automation.AcceptanceTestSuite" time="19.51" tests="17" errors="0" skipped="0" failures="0">
  <properties>
[...]
</properties>
  <testcase name="BeforeStories" classname="java.lang.Object" time="0.055"/>
  <testcase name="Given a config directory with many files" classname="com.demo.selenium.automation.bdd_jbehave_automation.steps.DefinitionSteps" time="0.178"/>
  <testcase name="When the user scans the directory for file details using service bean" classname="com.demo.selenium.automation.bdd_jbehave_automation.steps.DefinitionSteps" time="0.381"/>
  <testcase name="Then all the file details under that directory are displayed" classname="com.demo.selenium.automation.bdd_jbehave_automation.steps.DefinitionSteps" time="0.004"/>
  <testcase name="When the user reads the excel file [fileName] for Car Registration details" classname="com.demo.selenium.automation.bdd_jbehave_automation.steps.DefinitionSteps" time="0.008"/>
  <testcase name="And the user is on the dvla webpage" classname="com.demo.selenium.automation.bdd_jbehave_automation.steps.DefinitionSteps" time="7.986"/>
  <testcase name="And the user enters car details for row" classname="com.demo.selenium.automation.bdd_jbehave_automation.steps.DefinitionSteps" time="0.523"/>
  <testcase name="And the user enters car details for row" classname="com.demo.selenium.automation.bdd_jbehave_automation.steps.DefinitionSteps" time="1.616"/>
  <testcase name="And the user enters car details for row" classname="com.demo.selenium.automation.bdd_jbehave_automation.steps.DefinitionSteps" time="0.495"/>
  <testcase name="Then the car details are validated" classname="com.demo.selenium.automation.bdd_jbehave_automation.steps.DefinitionSteps" time="0.307"/>
  <testcase name="Then the car details are validated" classname="com.demo.selenium.automation.bdd_jbehave_automation.steps.DefinitionSteps" time="0.28"/>
  <testcase name="Then the car details are validated" classname="com.demo.selenium.automation.bdd_jbehave_automation.steps.DefinitionSteps" time="0.309"/>
  <testcase name="When user clicks back button" classname="com.demo.selenium.automation.bdd_jbehave_automation.steps.DefinitionSteps" time="0.329"/>
  <testcase name="When user clicks back button" classname="com.demo.selenium.automation.bdd_jbehave_automation.steps.DefinitionSteps" time="0.284"/>
  <testcase name="Scenario: Car colour check" classname="Scenario: Car colour check" time="0.506"/>
  <testcase name="dvla.story" classname="dvla.story" time="0.546"/>
  <testcase name="AfterStories" classname="java.lang.Object" time="0"/>
</testsuite>